{"name":"Fill in the form in order to create a new user","id":"utest;fill-in-the-form-in-order-to-create-a-new-user","testSteps":[{"number":1,"description":"Given than Daniel wants to create a new user at uTest","duration":7294,"startTime":"2022-03-31T14:08:46.555-05:00[America/Bogota]","screenshots":[{"screenshot":"1d585776d6ff8cb9fc6d720954d9a46530393449407599b39fa4b6200cace9e1.png","timeStamp":1648753733849}],"result":"SUCCESS","precondition":false,"level":0,"lineNumber":0,"children":[{"number":2,"description":"Daniel open up","duration":6554,"startTime":"2022-03-31T14:08:46.935-05:00[America/Bogota]","screenshots":[{"screenshot":"3223c3bae12e97643eda77a8ab3edf31f1d4732f2186cdf402731b6dde091f3e.png","timeStamp":1648753733489}],"result":"SUCCESS","precondition":false,"level":1,"lineNumber":0,"children":[{"number":3,"description":"Daniel opens the U test page","duration":6513,"startTime":"2022-03-31T14:08:46.956-05:00[America/Bogota]","screenshots":[{"screenshot":"3223c3bae12e97643eda77a8ab3edf31f1d4732f2186cdf402731b6dde091f3e.png","timeStamp":1648753733468}],"result":"SUCCESS","precondition":false,"level":2,"lineNumber":0}]}]},{"number":4,"description":"When he clicks on the button Join Today","duration":8844,"startTime":"2022-03-31T14:08:53.855-05:00[America/Bogota]","screenshots":[{"screenshot":"c9a4812acd6d07f60181cd5b91c5488a9129318e56e58616efd07d9826494433.png","timeStamp":1648753742699}],"result":"SUCCESS","precondition":false,"level":0,"lineNumber":0,"children":[{"number":5,"description":"Daniel register","duration":8808,"startTime":"2022-03-31T14:08:53.867-05:00[America/Bogota]","screenshots":[{"screenshot":"c9a4812acd6d07f60181cd5b91c5488a9129318e56e58616efd07d9826494433.png","timeStamp":1648753742675}],"result":"SUCCESS","precondition":false,"level":1,"lineNumber":0,"children":[{"number":6,"description":"Daniel clicks on button that show us the register form","duration":804,"startTime":"2022-03-31T14:08:53.957-05:00[America/Bogota]","screenshots":[{"screenshot":"d02de726499a99565c91e725c2d0dd70b46ebc1feb38409a442486cef6e5e3f9.png","timeStamp":1648753734761}],"result":"SUCCESS","precondition":false,"level":2,"lineNumber":0},{"number":7,"description":"Daniel enters \u0027Daniel\u0027 into where we write the first name","duration":1170,"startTime":"2022-03-31T14:08:54.770-05:00[America/Bogota]","screenshots":[{"screenshot":"08a0dfc298efdefe5ceac7430455b924455ad557c616e39eeee864ccb06caee2.png","timeStamp":1648753735940}],"result":"SUCCESS","precondition":false,"level":2,"lineNumber":0},{"number":8,"description":"Daniel enters \u0027Nise\u0027 into where we write the last name","duration":1460,"startTime":"2022-03-31T14:08:55.945-05:00[America/Bogota]","screenshots":[{"screenshot":"120fbf99df412eb18aa9dcbc07cae167609bc6341f3734b5aeabd14a939abe60.png","timeStamp":1648753737405}],"result":"SUCCESS","precondition":false,"level":2,"lineNumber":0},{"number":9,"description":"Daniel enters \u0027nisepass@hotmail.com\u0027 into where we write the email address","duration":1190,"startTime":"2022-03-31T14:08:57.410-05:00[America/Bogota]","screenshots":[{"screenshot":"b6783fc8b7a77f0ea3d765c079f63ca48785145b60b73e91262de63410a814d7.png","timeStamp":1648753738600}],"result":"SUCCESS","precondition":false,"level":2,"lineNumber":0},{"number":10,"description":"Daniel select May on where we select the birth month","duration":1060,"startTime":"2022-03-31T14:08:58.605-05:00[America/Bogota]","screenshots":[{"screenshot":"24fff9c66c0a62cf3cfad039a4970b976d08eea4021dd11fe9476297dedb9872.png","timeStamp":1648753739665}],"result":"SUCCESS","precondition":false,"level":2,"lineNumber":0},{"number":11,"description":"Daniel select 4 on where we select the birth day","duration":1047,"startTime":"2022-03-31T14:08:59.670-05:00[America/Bogota]","screenshots":[{"screenshot":"a928fa14e0d969a74e86cc412d36d53adcfe1c55286d51d223002527be4965c0.png","timeStamp":1648753740717}],"result":"SUCCESS","precondition":false,"level":2,"lineNumber":0},{"number":12,"description":"Daniel select 2001 on where we select the birth year","duration":981,"startTime":"2022-03-31T14:09:00.725-05:00[America/Bogota]","screenshots":[{"screenshot":"f1af62ea76ec3a759b2aef4e9fff00270f8e250ab81618f910394a0833541614.png","timeStamp":1648753741706}],"result":"SUCCESS","precondition":false,"level":2,"lineNumber":0},{"number":13,"description":"Daniel clicks on button to next form","duration":953,"startTime":"2022-03-31T14:09:01.706-05:00[America/Bogota]","screenshots":[{"screenshot":"c9a4812acd6d07f60181cd5b91c5488a9129318e56e58616efd07d9826494433.png","timeStamp":1648753742659}],"result":"SUCCESS","precondition":false,"level":2,"lineNumber":0}]}]},{"number":14,"description":"Then he fill in the form and create a new user","duration":15737,"startTime":"2022-03-31T14:09:02.699-05:00[America/Bogota]","exception":{"errorType":"net.thucydides.core.webdriver.exceptions.ElementShouldBeEnabledException","message":"Expected enabled element was not enabled","stackTrace":[{"declaringClass":"tasks.Password","methodName":"performAs","fileName":"Password.java","lineNumber":21},{"declaringClass":"stepdefinitions.uTestStetpDefinitions","methodName":"heFillInTheFormAndCreateANewUser","fileName":"uTestStetpDefinitions.java","lineNumber":28},{"declaringClass":"cucumber.runner.Runner","methodName":"runPickle","fileName":"Runner.java","lineNumber":80}],"rootCause":{"errorType":"org.openqa.selenium.TimeoutException","message":"Expected condition failed: waiting for By.xpath: *[@id\u003d\"regs_container\"]/div/div[2]/div/div[2]/div/form/div[5]/label/span[1] to be enabled (tried for 5 second(s) with 100 milliseconds interval)","stackTrace":[{"declaringClass":"tasks.Password","methodName":"performAs","fileName":"Password.java","lineNumber":21},{"declaringClass":"stepdefinitions.uTestStetpDefinitions","methodName":"heFillInTheFormAndCreateANewUser","fileName":"uTestStetpDefinitions.java","lineNumber":28},{"declaringClass":"cucumber.runner.Runner","methodName":"runPickle","fileName":"Runner.java","lineNumber":80}],"rootCause":{"errorType":"org.openqa.selenium.NoSuchElementException","message":"no such element: Unable to locate element: {\"method\":\"xpath\",\"selector\":\"*[@id\u003d\"regs_container\"]/div/div[2]/div/div[2]/div/form/div[5]/label/span[1]\"}\n  (Session info: chrome\u003d100.0.4896.60)\nFor documentation on this error, please visit: https://www.seleniumhq.org/exceptions/no_such_element.html\nBuild info: version: \u00273.141.59\u0027, revision: \u0027e82be7d358\u0027, time: \u00272018-11-14T08:17:03\u0027\nSystem info: host: \u0027DANIEL\u0027, ip: \u0027192.168.0.2\u0027, os.name: \u0027Windows 10\u0027, os.arch: \u0027amd64\u0027, os.version: \u002710.0\u0027, java.version: \u00271.8.0_241\u0027\nDriver info: org.openqa.selenium.chrome.ChromeDriver\nCapabilities {acceptInsecureCerts: false, browserName: chrome, browserVersion: 100.0.4896.60, chrome: {chromedriverVersion: 100.0.4896.60 (6a5d10861ce8..., userDataDir: C:\\Users\\felip\\AppData\\Loca...}, goog:chromeOptions: {debuggerAddress: localhost:59448}, javascriptEnabled: true, networkConnectionEnabled: false, pageLoadStrategy: normal, platform: WINDOWS, platformName: WINDOWS, proxy: Proxy(), setWindowRect: true, strictFileInteractability: false, timeouts: {implicit: 0, pageLoad: 300000, script: 30000}, unhandledPromptBehavior: dismiss and notify, webauthn:extension:credBlob: true, webauthn:extension:largeBlob: true, webauthn:virtualAuthenticators: true}\nSession ID: 40893a61bb0f74a5075912d84558ee40\n*** Element info: {Using\u003dxpath, value\u003d*[@id\u003d\"regs_container\"]/div/div[2]/div/div[2]/div/form/div[5]/label/span[1]}","stackTrace":[{"declaringClass":"tasks.Password","methodName":"performAs","fileName":"Password.java","lineNumber":21},{"declaringClass":"stepdefinitions.uTestStetpDefinitions","methodName":"heFillInTheFormAndCreateANewUser","fileName":"uTestStetpDefinitions.java","lineNumber":28},{"declaringClass":"cucumber.runner.Runner","methodName":"runPickle","fileName":"Runner.java","lineNumber":80}]}}},"result":"FAILURE","precondition":false,"level":0,"lineNumber":0,"children":[{"number":15,"description":"Daniel location","duration":1036,"startTime":"2022-03-31T14:09:02.745-05:00[America/Bogota]","screenshots":[{"screenshot":"f86fb65f3594d50b54488fc48148295c57319b383ac96fe510a0dd0820ec727a.png","timeStamp":1648753743781}],"result":"SUCCESS","precondition":false,"level":1,"lineNumber":0,"children":[{"number":16,"description":"Daniel clicks on button to next form","duration":997,"startTime":"2022-03-31T14:09:02.758-05:00[America/Bogota]","screenshots":[{"screenshot":"f86fb65f3594d50b54488fc48148295c57319b383ac96fe510a0dd0820ec727a.png","timeStamp":1648753743755}],"result":"SUCCESS","precondition":false,"level":2,"lineNumber":0}]},{"number":17,"description":"Daniel devices","duration":1232,"startTime":"2022-03-31T14:09:03.785-05:00[America/Bogota]","screenshots":[{"screenshot":"db6d3ca28bcb0d6bd80df2d262f9ba5e01f80dbe7ca79095a9ce1289cfd9f351.png","timeStamp":1648753745017}],"result":"SUCCESS","precondition":false,"level":1,"lineNumber":0,"children":[{"number":18,"description":"Daniel clicks on button to next form","duration":1210,"startTime":"2022-03-31T14:09:03.797-05:00[America/Bogota]","screenshots":[{"screenshot":"db6d3ca28bcb0d6bd80df2d262f9ba5e01f80dbe7ca79095a9ce1289cfd9f351.png","timeStamp":1648753745007}],"result":"SUCCESS","precondition":false,"level":2,"lineNumber":0}]},{"number":19,"description":"Daniel password","duration":13400,"startTime":"2022-03-31T14:09:05.017-05:00[America/Bogota]","exception":{"errorType":"net.thucydides.core.webdriver.exceptions.ElementShouldBeEnabledException","message":"Expected enabled element was not enabled","stackTrace":[{"declaringClass":"tasks.Password","methodName":"performAs","fileName":"Password.java","lineNumber":21},{"declaringClass":"stepdefinitions.uTestStetpDefinitions","methodName":"heFillInTheFormAndCreateANewUser","fileName":"uTestStetpDefinitions.java","lineNumber":28},{"declaringClass":"cucumber.runner.Runner","methodName":"runPickle","fileName":"Runner.java","lineNumber":80}],"rootCause":{"errorType":"org.openqa.selenium.TimeoutException","message":"Expected condition failed: waiting for By.xpath: *[@id\u003d\"regs_container\"]/div/div[2]/div/div[2]/div/form/div[5]/label/span[1] to be enabled (tried for 5 second(s) with 100 milliseconds interval)","stackTrace":[{"declaringClass":"tasks.Password","methodName":"performAs","fileName":"Password.java","lineNumber":21},{"declaringClass":"stepdefinitions.uTestStetpDefinitions","methodName":"heFillInTheFormAndCreateANewUser","fileName":"uTestStetpDefinitions.java","lineNumber":28},{"declaringClass":"cucumber.runner.Runner","methodName":"runPickle","fileName":"Runner.java","lineNumber":80}],"rootCause":{"errorType":"org.openqa.selenium.NoSuchElementException","message":"no such element: Unable to locate element: {\"method\":\"xpath\",\"selector\":\"*[@id\u003d\"regs_container\"]/div/div[2]/div/div[2]/div/form/div[5]/label/span[1]\"}\n  (Session info: chrome\u003d100.0.4896.60)\nFor documentation on this error, please visit: https://www.seleniumhq.org/exceptions/no_such_element.html\nBuild info: version: \u00273.141.59\u0027, revision: \u0027e82be7d358\u0027, time: \u00272018-11-14T08:17:03\u0027\nSystem info: host: \u0027DANIEL\u0027, ip: \u0027192.168.0.2\u0027, os.name: \u0027Windows 10\u0027, os.arch: \u0027amd64\u0027, os.version: \u002710.0\u0027, java.version: \u00271.8.0_241\u0027\nDriver info: org.openqa.selenium.chrome.ChromeDriver\nCapabilities {acceptInsecureCerts: false, browserName: chrome, browserVersion: 100.0.4896.60, chrome: {chromedriverVersion: 100.0.4896.60 (6a5d10861ce8..., userDataDir: C:\\Users\\felip\\AppData\\Loca...}, goog:chromeOptions: {debuggerAddress: localhost:59448}, javascriptEnabled: true, networkConnectionEnabled: false, pageLoadStrategy: normal, platform: WINDOWS, platformName: WINDOWS, proxy: Proxy(), setWindowRect: true, strictFileInteractability: false, timeouts: {implicit: 0, pageLoad: 300000, script: 30000}, unhandledPromptBehavior: dismiss and notify, webauthn:extension:credBlob: true, webauthn:extension:largeBlob: true, webauthn:virtualAuthenticators: true}\nSession ID: 40893a61bb0f74a5075912d84558ee40\n*** Element info: {Using\u003dxpath, value\u003d*[@id\u003d\"regs_container\"]/div/div[2]/div/div[2]/div/form/div[5]/label/span[1]}","stackTrace":[{"declaringClass":"tasks.Password","methodName":"performAs","fileName":"Password.java","lineNumber":21},{"declaringClass":"stepdefinitions.uTestStetpDefinitions","methodName":"heFillInTheFormAndCreateANewUser","fileName":"uTestStetpDefinitions.java","lineNumber":28},{"declaringClass":"cucumber.runner.Runner","methodName":"runPickle","fileName":"Runner.java","lineNumber":80}]}}},"result":"FAILURE","precondition":false,"level":1,"lineNumber":0,"children":[{"number":20,"description":"Daniel enters \u0027Password#1\u0027 into where we put the password ","duration":1155,"startTime":"2022-03-31T14:09:05.074-05:00[America/Bogota]","screenshots":[{"screenshot":"dc313e1ae48f6d2e7ab95ccba6e8be7bf6491f0bcd180ad2db6223a5df89c9eb.png","timeStamp":1648753746229}],"result":"SUCCESS","precondition":false,"level":2,"lineNumber":0},{"number":21,"description":"Daniel enters \u0027Password#1\u0027 into where we confirm the password ","duration":1119,"startTime":"2022-03-31T14:09:06.237-05:00[America/Bogota]","screenshots":[{"screenshot":"738c106275519f19ebff265d65eb05a63dbc43de6d43dea8167d67f4abd84fae.png","timeStamp":1648753747356}],"result":"SUCCESS","precondition":false,"level":2,"lineNumber":0},{"number":22,"description":"Daniel clicks on checkbox1","duration":11032,"startTime":"2022-03-31T14:09:07.361-05:00[America/Bogota]","screenshots":[{"screenshot":"1ddaa1593b19008d30b8f555a5dd931623f4e177ba7f09045efa3881c9620248.png","htmlSource":"pagesource7687256503086030116.html.txt","timeStamp":1648753758379}],"exception":{"errorType":"net.thucydides.core.webdriver.exceptions.ElementShouldBeEnabledException","message":"Expected enabled element was not enabled","stackTrace":[{"declaringClass":"tasks.Password","methodName":"performAs","fileName":"Password.java","lineNumber":21},{"declaringClass":"stepdefinitions.uTestStetpDefinitions","methodName":"heFillInTheFormAndCreateANewUser","fileName":"uTestStetpDefinitions.java","lineNumber":28},{"declaringClass":"cucumber.runner.Runner","methodName":"runPickle","fileName":"Runner.java","lineNumber":80}],"rootCause":{"errorType":"org.openqa.selenium.TimeoutException","message":"Expected condition failed: waiting for By.xpath: *[@id\u003d\"regs_container\"]/div/div[2]/div/div[2]/div/form/div[5]/label/span[1] to be enabled (tried for 5 second(s) with 100 milliseconds interval)","stackTrace":[{"declaringClass":"tasks.Password","methodName":"performAs","fileName":"Password.java","lineNumber":21},{"declaringClass":"stepdefinitions.uTestStetpDefinitions","methodName":"heFillInTheFormAndCreateANewUser","fileName":"uTestStetpDefinitions.java","lineNumber":28},{"declaringClass":"cucumber.runner.Runner","methodName":"runPickle","fileName":"Runner.java","lineNumber":80}],"rootCause":{"errorType":"org.openqa.selenium.NoSuchElementException","message":"no such element: Unable to locate element: {\"method\":\"xpath\",\"selector\":\"*[@id\u003d\"regs_container\"]/div/div[2]/div/div[2]/div/form/div[5]/label/span[1]\"}\n  (Session info: chrome\u003d100.0.4896.60)\nFor documentation on this error, please visit: https://www.seleniumhq.org/exceptions/no_such_element.html\nBuild info: version: \u00273.141.59\u0027, revision: \u0027e82be7d358\u0027, time: \u00272018-11-14T08:17:03\u0027\nSystem info: host: \u0027DANIEL\u0027, ip: \u0027192.168.0.2\u0027, os.name: \u0027Windows 10\u0027, os.arch: \u0027amd64\u0027, os.version: \u002710.0\u0027, java.version: \u00271.8.0_241\u0027\nDriver info: org.openqa.selenium.chrome.ChromeDriver\nCapabilities {acceptInsecureCerts: false, browserName: chrome, browserVersion: 100.0.4896.60, chrome: {chromedriverVersion: 100.0.4896.60 (6a5d10861ce8..., userDataDir: C:\\Users\\felip\\AppData\\Loca...}, goog:chromeOptions: {debuggerAddress: localhost:59448}, javascriptEnabled: true, networkConnectionEnabled: false, pageLoadStrategy: normal, platform: WINDOWS, platformName: WINDOWS, proxy: Proxy(), setWindowRect: true, strictFileInteractability: false, timeouts: {implicit: 0, pageLoad: 300000, script: 30000}, unhandledPromptBehavior: dismiss and notify, webauthn:extension:credBlob: true, webauthn:extension:largeBlob: true, webauthn:virtualAuthenticators: true}\nSession ID: 40893a61bb0f74a5075912d84558ee40\n*** Element info: {Using\u003dxpath, value\u003d*[@id\u003d\"regs_container\"]/div/div[2]/div/div[2]/div/form/div[5]/label/span[1]}","stackTrace":[{"declaringClass":"tasks.Password","methodName":"performAs","fileName":"Password.java","lineNumber":21},{"declaringClass":"stepdefinitions.uTestStetpDefinitions","methodName":"heFillInTheFormAndCreateANewUser","fileName":"uTestStetpDefinitions.java","lineNumber":28},{"declaringClass":"cucumber.runner.Runner","methodName":"runPickle","fileName":"Runner.java","lineNumber":80}]}}},"result":"FAILURE","precondition":false,"level":2,"lineNumber":0}]}]}],"userStory":{"id":"utest","storyName":"uTest","path":"src/test/resources/features/utest.feature","narrative":"  As a user, I want to create a new user at uTest","type":"feature"},"featureTag":{"name":"Features/uTest","type":"feature","displayName":"Features/uTest"},"title":"Fill in the form in order to create a new user","tags":[{"name":"scenario1","type":"tag","displayName":"scenario1"},{"name":"uTest","type":"feature","displayName":"uTest"},{"name":"stories","type":"tag","displayName":"stories"}],"startTime":"2022-03-31T14:08:46.436-05:00[America/Bogota]","duration":32060,"testFailureCause":{"errorType":"net.thucydides.core.webdriver.exceptions.ElementShouldBeEnabledException","message":"Expected enabled element was not enabled","stackTrace":[{"declaringClass":"tasks.Password","methodName":"performAs","fileName":"Password.java","lineNumber":21},{"declaringClass":"stepdefinitions.uTestStetpDefinitions","methodName":"heFillInTheFormAndCreateANewUser","fileName":"uTestStetpDefinitions.java","lineNumber":28},{"declaringClass":"cucumber.runner.Runner","methodName":"runPickle","fileName":"Runner.java","lineNumber":80}],"rootCause":{"errorType":"org.openqa.selenium.TimeoutException","message":"Expected condition failed: waiting for By.xpath: *[@id\u003d\"regs_container\"]/div/div[2]/div/div[2]/div/form/div[5]/label/span[1] to be enabled (tried for 5 second(s) with 100 milliseconds interval)","stackTrace":[{"declaringClass":"tasks.Password","methodName":"performAs","fileName":"Password.java","lineNumber":21},{"declaringClass":"stepdefinitions.uTestStetpDefinitions","methodName":"heFillInTheFormAndCreateANewUser","fileName":"uTestStetpDefinitions.java","lineNumber":28},{"declaringClass":"cucumber.runner.Runner","methodName":"runPickle","fileName":"Runner.java","lineNumber":80}],"rootCause":{"errorType":"org.openqa.selenium.NoSuchElementException","message":"no such element: Unable to locate element: {\"method\":\"xpath\",\"selector\":\"*[@id\u003d\"regs_container\"]/div/div[2]/div/div[2]/div/form/div[5]/label/span[1]\"}\n  (Session info: chrome\u003d100.0.4896.60)\nFor documentation on this error, please visit: https://www.seleniumhq.org/exceptions/no_such_element.html\nBuild info: version: \u00273.141.59\u0027, revision: \u0027e82be7d358\u0027, time: \u00272018-11-14T08:17:03\u0027\nSystem info: host: \u0027DANIEL\u0027, ip: \u0027192.168.0.2\u0027, os.name: \u0027Windows 10\u0027, os.arch: \u0027amd64\u0027, os.version: \u002710.0\u0027, java.version: \u00271.8.0_241\u0027\nDriver info: org.openqa.selenium.chrome.ChromeDriver\nCapabilities {acceptInsecureCerts: false, browserName: chrome, browserVersion: 100.0.4896.60, chrome: {chromedriverVersion: 100.0.4896.60 (6a5d10861ce8..., userDataDir: C:\\Users\\felip\\AppData\\Loca...}, goog:chromeOptions: {debuggerAddress: localhost:59448}, javascriptEnabled: true, networkConnectionEnabled: false, pageLoadStrategy: normal, platform: WINDOWS, platformName: WINDOWS, proxy: Proxy(), setWindowRect: true, strictFileInteractability: false, timeouts: {implicit: 0, pageLoad: 300000, script: 30000}, unhandledPromptBehavior: dismiss and notify, webauthn:extension:credBlob: true, webauthn:extension:largeBlob: true, webauthn:virtualAuthenticators: true}\nSession ID: 40893a61bb0f74a5075912d84558ee40\n*** Element info: {Using\u003dxpath, value\u003d*[@id\u003d\"regs_container\"]/div/div[2]/div/div[2]/div/form/div[5]/label/span[1]}","stackTrace":[{"declaringClass":"tasks.Password","methodName":"performAs","fileName":"Password.java","lineNumber":21},{"declaringClass":"stepdefinitions.uTestStetpDefinitions","methodName":"heFillInTheFormAndCreateANewUser","fileName":"uTestStetpDefinitions.java","lineNumber":28},{"declaringClass":"cucumber.runner.Runner","methodName":"runPickle","fileName":"Runner.java","lineNumber":80}]}}},"testFailureClassname":"net.thucydides.core.webdriver.exceptions.ElementShouldBeEnabledException","testFailureMessage":"Expected enabled element was not enabled","testFailureSummary":"FAILURE;net.thucydides.core.webdriver.exceptions.ElementShouldBeEnabledException;Expected enabled element was not enabled;Password.java","projectKey":"","annotatedResult":"FAILURE","sessionId":"40893a61bb0f74a5075912d84558ee40","driver":"chrome:daniel","isManualTestingUpToDate":false,"manual":false,"testSource":"Cucumber","actors":[{"name":"Daniel","can":["browse the web"]}],"result":"FAILURE"}